<?xml version="1.0" encoding="UTF-8"?>
<testsuite name="Test"
           tests="4"
           failures="0"
           errors="0"
           skipped="0"
           time="38.900">
  <properties />
  
  
            <testcase name="googleNewAccCreation" time="20.499" classname="com.ecommerce.test.GoogleSearch" />
                <testcase name="googleNewAccCreation" time="15.783" classname="com.ecommerce.test.GoogleSearch" />
                <testcase name="f3" time="0.001" classname="com.ecommerce.test.GoogleSearch" />
                <testcase name="searchGoogleAndTestTitleText" time="2.617" classname="com.ecommerce.test.GoogleSearch" />
      
</testsuite>
