<?xml version="1.0" encoding="UTF-8"?>
<testsuite name="Test"
           tests="4"
           failures="0"
           errors="0"
           skipped="0"
           time="25.433">
  <properties />
  
  
            <testcase name="f3" time="0.004" classname="com.ecommerce.test.GoogleSearch" />
                <testcase name="googleNewAccCreation" time="11.385" classname="com.ecommerce.test.GoogleSearch" />
                <testcase name="googleNewAccCreation" time="12.840" classname="com.ecommerce.test.GoogleSearch" />
                <testcase name="searchGoogleAndTestTitleText" time="1.204" classname="com.ecommerce.test.GoogleSearch" />
      
</testsuite>
