<?xml version="1.0" encoding="UTF-8"?>
<testsuite name="Test"
           tests="3"
           failures="0"
           errors="0"
           skipped="0"
           time="7.492">
  <properties />
  
  
            <testcase name="f1" time="0.009" classname="com.ecommerce.test.FBRegistration" />
                <testcase name="f2" time="0.005" classname="com.ecommerce.test.FBRegistration" />
                <testcase name="fbAccount" time="7.478" classname="com.ecommerce.test.FBRegistration" />
      
</testsuite>
