<?xml version="1.0" encoding="UTF-8"?>
<!-- Generated by org.testng.reporters.JUnitXMLReporter -->
<testsuite ignored="1" hostname="DESKTOP-R1731C6" failures="0" tests="2" name="Default test" time="3.861" errors="0" timestamp="2024-02-09T15:21:45 IST">
  <testcase classname="com.ecommerce.test.GridTest" name="f3" time="0.012"/>
  <testcase classname="com.ecommerce.test.GridTest" name="searchGoogleAndTestTitleText" time="3.743"/>
  <testcase classname="com.ecommerce.test.GridTest" name="googleNewAccCreation" time="0.0">
    <ignored/>
  </testcase> <!-- googleNewAccCreation -->
</testsuite> <!-- Default test -->
