<?xml version="1.0" encoding="UTF-8"?>
<!-- Generated by org.testng.reporters.JUnitXMLReporter -->
<testsuite ignored="0" hostname="DESKTOP-R1731C6" failures="1" tests="3" name="FB Test" time="0.182" errors="0" timestamp="2024-02-08T15:29:06 IST">
  <testcase classname="com.ecommerce.test.FBRegistration" name="f1" time="0.013"/>
  <testcase classname="com.ecommerce.test.FBRegistration" name="fbAccount" time="0.008">
    <failure type="java.lang.NullPointerException" message="Cannot invoke &amp;quot;org.openqa.selenium.WebDriver.get(String)&amp;quot; because &amp;quot;this.driver&amp;quot; is null">
      <![CDATA[java.lang.NullPointerException: Cannot invoke "org.openqa.selenium.WebDriver.get(String)" because "this.driver" is null
at com.ecommerce.test.FBRegistration.fbAccount(FBRegistration.java:80)
at java.base/java.util.ArrayList.forEach(ArrayList.java:1511)
... Removed 27 stack frames]]>
    </failure>
  </testcase> <!-- fbAccount -->
  <testcase classname="com.ecommerce.test.FBRegistration" name="f2" time="0.006"/>
</testsuite> <!-- FB Test -->
