<?xml version="1.0" encoding="UTF-8"?>
<!-- Generated by org.testng.reporters.JUnitXMLReporter -->
<testsuite ignored="0" hostname="DESKTOP-R1731C6" failures="0" tests="3" name="FB Test" time="4.955" errors="0" timestamp="2024-02-08T14:59:53 IST">
  <testcase classname="com.ecommerce.test.FBRegistration" name="f2" time="0.028"/>
  <testcase classname="com.ecommerce.test.FBRegistration" name="f1" time="0.037"/>
  <testcase classname="com.ecommerce.test.FBRegistration" name="fbAccount" time="4.843"/>
</testsuite> <!-- FB Test -->
