<?xml version="1.0" encoding="UTF-8"?>
<!-- Generated by org.testng.reporters.JUnitXMLReporter -->
<testsuite ignored="0" hostname="DESKTOP-R1731C6" failures="2" tests="4" name="Smoke Test" time="7.367" errors="0" timestamp="2024-02-08T14:49:24 IST">
  <testcase classname="com.ecommerce.test.FBRegistration" name="f1" time="0.043"/>
  <testcase classname="com.ecommerce.test.FBRegistration" name="f2" time="0.032"/>
  <testcase classname="com.ecommerce.test.FBRegistration" name="searchGoogleAndTestTitleText" time="6.41">
    <failure type="java.lang.AssertionError" message="Google title did not match
	expected [Google] but found [Sign up for Facebook | Facebook]">
      <![CDATA[java.lang.AssertionError: Google title did not match
expected [Google] but found [Sign up for Facebook | Facebook]
at com.ecommerce.test.FBRegistration.searchGoogleAndTestTitleText(FBRegistration.java:114)
at java.base/java.util.concurrent.ThreadPoolExecutor.runWorker(ThreadPoolExecutor.java:1136)
at java.base/java.util.concurrent.ThreadPoolExecutor$Worker.run(ThreadPoolExecutor.java:635)
at java.base/java.lang.Thread.run(Thread.java:840)
... Removed 13 stack frames]]>
    </failure>
  </testcase> <!-- searchGoogleAndTestTitleText -->
  <testcase classname="com.ecommerce.test.FBRegistration" name="fbAccount" time="7.247">
    <failure type="java.lang.AssertionError" message="Either Day or Gender element was not located OR gender selection failed
	expected [Google] but found [Sign up for Facebook | Facebook]">
      <![CDATA[java.lang.AssertionError: Either Day or Gender element was not located OR gender selection failed
expected [Google] but found [Sign up for Facebook | Facebook]
at com.ecommerce.test.FBRegistration.fbAccount(FBRegistration.java:99)
at java.base/java.util.concurrent.ThreadPoolExecutor.runWorker(ThreadPoolExecutor.java:1136)
at java.base/java.util.concurrent.ThreadPoolExecutor$Worker.run(ThreadPoolExecutor.java:635)
at java.base/java.lang.Thread.run(Thread.java:840)
... Removed 13 stack frames]]>
    </failure>
  </testcase> <!-- fbAccount -->
</testsuite> <!-- Smoke Test -->
