<?xml version="1.0" encoding="UTF-8"?>
<!-- Generated by org.testng.reporters.JUnitXMLReporter -->
<testsuite ignored="0" hostname="DESKTOP-R1731C6" failures="0" tests="7" name="Test" time="40.674" errors="0" timestamp="2024-02-08T16:45:05 IST">
  <testcase classname="com.ecommerce.test.FBRegistration" name="f1" time="0.012"/>
  <testcase classname="com.ecommerce.test.FBRegistration" name="fbAccount" time="7.716"/>
  <testcase classname="com.ecommerce.test.GoogleSearch" name="f3" time="0.014"/>
  <testcase classname="com.ecommerce.test.GoogleSearch" name="googleNewAccCreation" time="19.542"/>
  <testcase classname="com.ecommerce.test.GoogleSearch" name="googleNewAccCreation" time="11.627"/>
  <testcase classname="com.ecommerce.test.GoogleSearch" name="searchGoogleAndTestTitleText" time="1.504"/>
  <testcase classname="com.ecommerce.test.FBRegistration" name="f2" time="0.007"/>
</testsuite> <!-- Test -->
