<?xml version="1.0" encoding="UTF-8"?>
<testng-results ignored="0" total="2" passed="2" failed="0" skipped="0">
  <reporter-output>
  </reporter-output>
  <suite started-at="2024-02-07T17:38:06 IST" name="Default suite" finished-at="2024-02-07T17:38:14 IST" duration-ms="7347">
    <groups>
    </groups>
    <test started-at="2024-02-07T17:38:06 IST" name="Default test" finished-at="2024-02-07T17:38:14 IST" duration-ms="7347">
      <class name="com.ecommerce.test.FBRegistration">
        <test-method is-config="true" signature="beforeSuite()[pri:0, instance:com.ecommerce.test.FBRegistration@53045c6c]" started-at="2024-02-07T17:37:48 IST" name="beforeSuite" finished-at="2024-02-07T17:38:06 IST" duration-ms="18594" status="PASS">
          <reporter-output>
          </reporter-output>
        </test-method> <!-- beforeSuite -->
        <test-method signature="fbAccount()[pri:0, instance:com.ecommerce.test.FBRegistration@53045c6c]" started-at="2024-02-07T17:38:06 IST" name="fbAccount" finished-at="2024-02-07T17:38:12 IST" duration-ms="5289" status="PASS">
          <reporter-output>
          </reporter-output>
        </test-method> <!-- fbAccount -->
        <test-method signature="searchGoogleAndTestTitleText()[pri:0, instance:com.ecommerce.test.FBRegistration@53045c6c]" started-at="2024-02-07T17:38:12 IST" name="searchGoogleAndTestTitleText" finished-at="2024-02-07T17:38:14 IST" duration-ms="1961" status="PASS">
          <reporter-output>
          </reporter-output>
        </test-method> <!-- searchGoogleAndTestTitleText -->
        <test-method is-config="true" signature="afterSuite()[pri:0, instance:com.ecommerce.test.FBRegistration@53045c6c]" started-at="2024-02-07T17:38:14 IST" name="afterSuite" finished-at="2024-02-07T17:38:20 IST" duration-ms="5432" status="PASS">
          <reporter-output>
          </reporter-output>
        </test-method> <!-- afterSuite -->
      </class> <!-- com.ecommerce.test.FBRegistration -->
    </test> <!-- Default test -->
  </suite> <!-- Default suite -->
</testng-results>
